# JRE version: OpenJDK Runtime Environment Temurin-17.0.10+7 (17.0.10+7) (build 17.0.10+7)
# Java VM: OpenJDK 64-Bit Server VM Temurin-17.0.10+7 (17.0.10+7, mixed mode, emulated-client, tiered, compressed oops, compressed class ptrs, g1 gc, windows-amd64)
GC Precious Log:
 CPUs: 32 total, 32 available
 Memory: 65159M
 Large Page Support: Disabled
 NUMA Support: Disabled
 Compressed Oops: Enabled (32-bit)
 Heap Region Size: 1M
 Heap Min Capacity: 8M
 Heap Initial Capacity: 1020M
 Heap Max Capacity: 1G
 Pre-touch: Disabled
 Parallel Workers: 23
 Concurrent Workers: 6
 Concurrent Refinement Workers: 23
 Periodic GC: Disabled
Heap:
 garbage-first heap   total 130048K, used 46073K [0x00000000c0000000, 0x0000000100000000)
  region size 1024K, 2 young (2048K), 0 survivors (0K)
 Metaspace       used 63024K, committed 63744K, reserved 1114112K
  class space    used 7619K, committed 7936K, reserved 1048576K
GC Heap History (20 events):
Event: 183208.134 GC heap before
{Heap before GC invocations=17619 (full 17581):
 garbage-first heap   total 130048K, used 45049K [0x00000000c0000000, 0x0000000100000000)
  region size 1024K, 1 young (1024K), 0 survivors (0K)
 Metaspace       used 63014K, committed 63744K, reserved 1114112K
  class space    used 7618K, committed 7936K, reserved 1048576K
}
Event: 183208.161 GC heap after
{Heap after GC invocations=17620 (full 17582):
 garbage-first heap   total 130048K, used 45049K [0x00000000c0000000, 0x0000000100000000)
  region size 1024K, 0 young (0K), 0 survivors (0K)
 Metaspace       used 63014K, committed 63744K, reserved 1114112K
  class space    used 7618K, committed 7936K, reserved 1048576K
}
Event: 183218.552 GC heap before
{Heap before GC invocations=17620 (full 17582):
 garbage-first heap   total 130048K, used 45049K [0x00000000c0000000, 0x0000000100000000)
  region size 1024K, 1 young (1024K), 0 survivors (0K)
 Metaspace       used 63014K, committed 63744K, reserved 1114112K
  class space    used 7618K, committed 7936K, reserved 1048576K
}
Event: 183218.582 GC heap after
{Heap after GC invocations=17621 (full 17583):
 garbage-first heap   total 130048K, used 45049K [0x00000000c0000000, 0x0000000100000000)
  region size 1024K, 0 young (0K), 0 survivors (0K)
 Metaspace       used 63014K, committed 63744K, reserved 1114112K
  class space    used 7618K, committed 7936K, reserved 1048576K
}
Event: 183228.999 GC heap before
{Heap before GC invocations=17621 (full 17583):
 garbage-first heap   total 130048K, used 45049K [0x00000000c0000000, 0x0000000100000000)
  region size 1024K, 1 young (1024K), 0 survivors (0K)
 Metaspace       used 63014K, committed 63744K, reserved 1114112K
  class space    used 7618K, committed 7936K, reserved 1048576K
}
Event: 183229.018 GC heap after
{Heap after GC invocations=17622 (full 17584):
 garbage-first heap   total 130048K, used 45049K [0x00000000c0000000, 0x0000000100000000)
  region size 1024K, 0 young (0K), 0 survivors (0K)
 Metaspace       used 63014K, committed 63744K, reserved 1114112K
  class space    used 7618K, committed 7936K, reserved 1048576K
}
Event: 183239.377 GC heap before
{Heap before GC invocations=17622 (full 17584):
 garbage-first heap   total 130048K, used 45049K [0x00000000c0000000, 0x0000000100000000)
  region size 1024K, 1 young (1024K), 0 survivors (0K)
 Metaspace       used 63014K, committed 63744K, reserved 1114112K
  class space    used 7618K, committed 7936K, reserved 1048576K
}
Event: 183239.400 GC heap after
{Heap after GC invocations=17623 (full 17585):
 garbage-first heap   total 130048K, used 45049K [0x00000000c0000000, 0x0000000100000000)
  region size 1024K, 0 young (0K), 0 survivors (0K)
 Metaspace       used 63014K, committed 63744K, reserved 1114112K
  class space    used 7618K, committed 7936K, reserved 1048576K
}
Event: 183249.792 GC heap before
{Heap before GC invocations=17623 (full 17585):
 garbage-first heap   total 130048K, used 45049K [0x00000000c0000000, 0x0000000100000000)
  region size 1024K, 1 young (1024K), 0 survivors (0K)
 Metaspace       used 63014K, committed 63744K, reserved 1114112K
  class space    used 7618K, committed 7936K, reserved 1048576K
}
Event: 183249.816 GC heap after
{Heap after GC invocations=17624 (full 17586):
 garbage-first heap   total 130048K, used 45049K [0x00000000c0000000, 0x0000000100000000)
  region size 1024K, 0 young (0K), 0 survivors (0K)
 Metaspace       used 63014K, committed 63744K, reserved 1114112K
  class space    used 7618K, committed 7936K, reserved 1048576K
}
Event: 183260.203 GC heap before
{Heap before GC invocations=17624 (full 17586):
 garbage-first heap   total 130048K, used 45049K [0x00000000c0000000, 0x0000000100000000)
  region size 1024K, 1 young (1024K), 0 survivors (0K)
 Metaspace       used 63014K, committed 63744K, reserved 1114112K
  class space    used 7618K, committed 7936K, reserved 1048576K
}
Event: 183260.227 GC heap after
{Heap after GC invocations=17625 (full 17587):
 garbage-first heap   total 130048K, used 45049K [0x00000000c0000000, 0x0000000100000000)
  region size 1024K, 0 young (0K), 0 survivors (0K)
 Metaspace       used 63014K, committed 63744K, reserved 1114112K
  class space    used 7618K, committed 7936K, reserved 1048576K
}
Event: 183270.617 GC heap before
{Heap before GC invocations=17625 (full 17587):
 garbage-first heap   total 130048K, used 45049K [0x00000000c0000000, 0x0000000100000000)
  region size 1024K, 1 young (1024K), 0 survivors (0K)
 Metaspace       used 63014K, committed 63744K, reserved 1114112K
  class space    used 7618K, committed 7936K, reserved 1048576K
}
Event: 183270.638 GC heap after
{Heap after GC invocations=17626 (full 17588):
 garbage-first heap   total 130048K, used 45049K [0x00000000c0000000, 0x0000000100000000)
  region size 1024K, 0 young (0K), 0 survivors (0K)
 Metaspace       used 63014K, committed 63744K, reserved 1114112K
  class space    used 7618K, committed 7936K, reserved 1048576K
}
Event: 183281.031 GC heap before
{Heap before GC invocations=17626 (full 17588):
 garbage-first heap   total 130048K, used 45049K [0x00000000c0000000, 0x0000000100000000)
  region size 1024K, 1 young (1024K), 0 survivors (0K)
 Metaspace       used 63014K, committed 63744K, reserved 1114112K
  class space    used 7618K, committed 7936K, reserved 1048576K
}
Event: 183281.052 GC heap after
{Heap after GC invocations=17627 (full 17589):
 garbage-first heap   total 130048K, used 45049K [0x00000000c0000000, 0x0000000100000000)
  region size 1024K, 0 young (0K), 0 survivors (0K)
 Metaspace       used 63014K, committed 63744K, reserved 1114112K
  class space    used 7618K, committed 7936K, reserved 1048576K
}
Event: 183291.665 GC heap before
{Heap before GC invocations=17627 (full 17589):
 garbage-first heap   total 130048K, used 45049K [0x00000000c0000000, 0x0000000100000000)
  region size 1024K, 1 young (1024K), 0 survivors (0K)
 Metaspace       used 63014K, committed 63744K, reserved 1114112K
  class space    used 7618K, committed 7936K, reserved 1048576K
}
Event: 183291.685 GC heap after
{Heap after GC invocations=17628 (full 17590):
 garbage-first heap   total 130048K, used 45049K [0x00000000c0000000, 0x0000000100000000)
  region size 1024K, 0 young (0K), 0 survivors (0K)
 Metaspace       used 63014K, committed 63744K, reserved 1114112K
  class space    used 7618K, committed 7936K, reserved 1048576K
}
Event: 183302.094 GC heap before
{Heap before GC invocations=17628 (full 17590):
 garbage-first heap   total 130048K, used 45049K [0x00000000c0000000, 0x0000000100000000)
  region size 1024K, 1 young (1024K), 0 survivors (0K)
 Metaspace       used 63014K, committed 63744K, reserved 1114112K
  class space    used 7618K, committed 7936K, reserved 1048576K
}
Event: 183302.117 GC heap after
{Heap after GC invocations=17629 (full 17591):
 garbage-first heap   total 130048K, used 45049K [0x00000000c0000000, 0x0000000100000000)
  region size 1024K, 0 young (0K), 0 survivors (0K)
 Metaspace       used 63014K, committed 63744K, reserved 1114112K
  class space    used 7618K, committed 7936K, reserved 1048576K
}

